# JRE version: Java(TM) SE Runtime Environment (8.0_171-b11) (build 1.8.0_171-b11)
# Java VM: Java HotSpot(TM) 64-Bit Server VM (25.171-b11 mixed mode windows-amd64 compressed oops)
Heap:
 PSYoungGen      total 37888K, used 28938K [0x00000000d6200000, 0x00000000d8c00000, 0x0000000100000000)
  eden space 32768K, 88% used [0x00000000d6200000,0x00000000d7e42928,0x00000000d8200000)
  from space 5120K, 0% used [0x00000000d8700000,0x00000000d8700000,0x00000000d8c00000)
  to   space 5120K, 0% used [0x00000000d8200000,0x00000000d8200000,0x00000000d8700000)
 ParOldGen       total 63488K, used 9051K [0x0000000082600000, 0x0000000086400000, 0x00000000d6200000)
  object space 63488K, 14% used [0x0000000082600000,0x0000000082ed6dd0,0x0000000086400000)
 Metaspace       used 24082K, capacity 24528K, committed 24704K, reserved 1071104K
  class space    used 2762K, capacity 2892K, committed 2944K, reserved 1048576K
GC Heap History (10 events):
Event: 1.805 GC heap before
{Heap before GC invocations=1 (full 0):
 PSYoungGen      total 37888K, used 32768K [0x00000000d6200000, 0x00000000d8c00000, 0x0000000100000000)
  eden space 32768K, 100% used [0x00000000d6200000,0x00000000d8200000,0x00000000d8200000)
  from space 5120K, 0% used [0x00000000d8700000,0x00000000d8700000,0x00000000d8c00000)
  to   space 5120K, 0% used [0x00000000d8200000,0x00000000d8200000,0x00000000d8700000)
 ParOldGen       total 86016K, used 0K [0x0000000082600000, 0x0000000087a00000, 0x00000000d6200000)
  object space 86016K, 0% used [0x0000000082600000,0x0000000082600000,0x0000000087a00000)
 Metaspace       used 8698K, capacity 8904K, committed 8960K, reserved 1056768K
  class space    used 974K, capacity 1023K, committed 1024K, reserved 1048576K
Event: 1.813 GC heap after
Heap after GC invocations=1 (full 0):
 PSYoungGen      total 37888K, used 4849K [0x00000000d6200000, 0x00000000d8c00000, 0x0000000100000000)
  eden space 32768K, 0% used [0x00000000d6200000,0x00000000d6200000,0x00000000d8200000)
  from space 5120K, 94% used [0x00000000d8200000,0x00000000d86bc470,0x00000000d8700000)
  to   space 5120K, 0% used [0x00000000d8700000,0x00000000d8700000,0x00000000d8c00000)
 ParOldGen       total 86016K, used 8K [0x0000000082600000, 0x0000000087a00000, 0x00000000d6200000)
  object space 86016K, 0% used [0x0000000082600000,0x0000000082602000,0x0000000087a00000)
 Metaspace       used 8698K, capacity 8904K, committed 8960K, reserved 1056768K
  class space    used 974K, capacity 1023K, committed 1024K, reserved 1048576K
}
Event: 4.830 GC heap before
{Heap before GC invocations=2 (full 0):
 PSYoungGen      total 37888K, used 37617K [0x00000000d6200000, 0x00000000d8c00000, 0x0000000100000000)
  eden space 32768K, 100% used [0x00000000d6200000,0x00000000d8200000,0x00000000d8200000)
  from space 5120K, 94% used [0x00000000d8200000,0x00000000d86bc470,0x00000000d8700000)
  to   space 5120K, 0% used [0x00000000d8700000,0x00000000d8700000,0x00000000d8c00000)
 ParOldGen       total 86016K, used 8K [0x0000000082600000, 0x0000000087a00000, 0x00000000d6200000)
  object space 86016K, 0% used [0x0000000082600000,0x0000000082602000,0x0000000087a00000)
 Metaspace       used 13651K, capacity 13918K, committed 14336K, reserved 1062912K
  class space    used 1594K, capacity 1673K, committed 1792K, reserved 1048576K
Event: 4.839 GC heap after
Heap after GC invocations=2 (full 0):
 PSYoungGen      total 37888K, used 5119K [0x00000000d6200000, 0x00000000d8c00000, 0x0000000100000000)
  eden space 32768K, 0% used [0x00000000d6200000,0x00000000d6200000,0x00000000d8200000)
  from space 5120K, 99% used [0x00000000d8700000,0x00000000d8bffeb8,0x00000000d8c00000)
  to   space 5120K, 0% used [0x00000000d8200000,0x00000000d8200000,0x00000000d8700000)
 ParOldGen       total 86016K, used 814K [0x0000000082600000, 0x0000000087a00000, 0x00000000d6200000)
  object space 86016K, 0% used [0x0000000082600000,0x00000000826cbb20,0x0000000087a00000)
 Metaspace       used 13651K, capacity 13918K, committed 14336K, reserved 1062912K
  class space    used 1594K, capacity 1673K, committed 1792K, reserved 1048576K
}
Event: 6.869 GC heap before
{Heap before GC invocations=3 (full 0):
 PSYoungGen      total 37888K, used 37887K [0x00000000d6200000, 0x00000000d8c00000, 0x0000000100000000)
  eden space 32768K, 100% used [0x00000000d6200000,0x00000000d8200000,0x00000000d8200000)
  from space 5120K, 99% used [0x00000000d8700000,0x00000000d8bffeb8,0x00000000d8c00000)
  to   space 5120K, 0% used [0x00000000d8200000,0x00000000d8200000,0x00000000d8700000)
 ParOldGen       total 86016K, used 814K [0x0000000082600000, 0x0000000087a00000, 0x00000000d6200000)
  object space 86016K, 0% used [0x0000000082600000,0x00000000826cbb20,0x0000000087a00000)
 Metaspace       used 19361K, capacity 19646K, committed 19840K, reserved 1067008K
  class space    used 2221K, capacity 2357K, committed 2432K, reserved 1048576K
Event: 6.881 GC heap after
Heap after GC invocations=3 (full 0):
 PSYoungGen      total 37888K, used 5112K [0x00000000d6200000, 0x00000000d8c00000, 0x0000000100000000)
  eden space 32768K, 0% used [0x00000000d6200000,0x00000000d6200000,0x00000000d8200000)
  from space 5120K, 99% used [0x00000000d8200000,0x00000000d86fe030,0x00000000d8700000)
  to   space 5120K, 0% used [0x00000000d8700000,0x00000000d8700000,0x00000000d8c00000)
 ParOldGen       total 86016K, used 4737K [0x0000000082600000, 0x0000000087a00000, 0x00000000d6200000)
  object space 86016K, 5% used [0x0000000082600000,0x0000000082aa0538,0x0000000087a00000)
 Metaspace       used 19361K, capacity 19646K, committed 19840K, reserved 1067008K
  class space    used 2221K, capacity 2357K, committed 2432K, reserved 1048576K
}
Event: 7.299 GC heap before
{Heap before GC invocations=4 (full 0):
 PSYoungGen      total 37888K, used 18792K [0x00000000d6200000, 0x00000000d8c00000, 0x0000000100000000)
  eden space 32768K, 41% used [0x00000000d6200000,0x00000000d6f5c298,0x00000000d8200000)
  from space 5120K, 99% used [0x00000000d8200000,0x00000000d86fe030,0x00000000d8700000)
  to   space 5120K, 0% used [0x00000000d8700000,0x00000000d8700000,0x00000000d8c00000)
 ParOldGen       total 86016K, used 4737K [0x0000000082600000, 0x0000000087a00000, 0x00000000d6200000)
  object space 86016K, 5% used [0x0000000082600000,0x0000000082aa0538,0x0000000087a00000)
 Metaspace       used 20746K, capacity 21034K, committed 21248K, reserved 1069056K
  class space    used 2386K, capacity 2497K, committed 2560K, reserved 1048576K
Event: 7.308 GC heap after
Heap after GC invocations=4 (full 0):
 PSYoungGen      total 37888K, used 5096K [0x00000000d6200000, 0x00000000d8c00000, 0x0000000100000000)
  eden space 32768K, 0% used [0x00000000d6200000,0x00000000d6200000,0x00000000d8200000)
  from space 5120K, 99% used [0x00000000d8700000,0x00000000d8bfa280,0x00000000d8c00000)
  to   space 5120K, 0% used [0x00000000d8200000,0x00000000d8200000,0x00000000d8700000)
 ParOldGen       total 86016K, used 6812K [0x0000000082600000, 0x0000000087a00000, 0x00000000d6200000)
  object space 86016K, 7% used [0x0000000082600000,0x0000000082ca7398,0x0000000087a00000)
 Metaspace       used 20746K, capacity 21034K, committed 21248K, reserved 1069056K
  class space    used 2386K, capacity 2497K, committed 2560K, reserved 1048576K
}
Event: 7.308 GC heap before
{Heap before GC invocations=5 (full 1):
 PSYoungGen      total 37888K, used 5096K [0x00000000d6200000, 0x00000000d8c00000, 0x0000000100000000)
  eden space 32768K, 0% used [0x00000000d6200000,0x00000000d6200000,0x00000000d8200000)
  from space 5120K, 99% used [0x00000000d8700000,0x00000000d8bfa280,0x00000000d8c00000)
  to   space 5120K, 0% used [0x00000000d8200000,0x00000000d8200000,0x00000000d8700000)
 ParOldGen       total 86016K, used 6812K [0x0000000082600000, 0x0000000087a00000, 0x00000000d6200000)
  object space 86016K, 7% used [0x0000000082600000,0x0000000082ca7398,0x0000000087a00000)
 Metaspace       used 20746K, capacity 21034K, committed 21248K, reserved 1069056K
  class space    used 2386K, capacity 2497K, committed 2560K, reserved 1048576K
Event: 7.374 GC heap after
Heap after GC invocations=5 (full 1):
 PSYoungGen      total 37888K, used 0K [0x00000000d6200000, 0x00000000d8c00000, 0x0000000100000000)
  eden space 32768K, 0% used [0x00000000d6200000,0x00000000d6200000,0x00000000d8200000)
  from space 5120K, 0% used [0x00000000d8700000,0x00000000d8700000,0x00000000d8c00000)
  to   space 5120K, 0% used [0x00000000d8200000,0x00000000d8200000,0x00000000d8700000)
 ParOldGen       total 63488K, used 9051K [0x0000000082600000, 0x0000000086400000, 0x00000000d6200000)
  object space 63488K, 14% used [0x0000000082600000,0x0000000082ed6dd0,0x0000000086400000)
 Metaspace       used 20746K, capacity 21034K, committed 21248K, reserved 1069056K
  class space    used 2386K, capacity 2497K, committed 2560K, reserved 1048576K
}

